########### array before sorts ###########
0	0.711200	0.000000	32.562800	0.000000	n
1	33.274000	0.711200	33.274000	22.402800	n
2	32.562800	23.114000	0.711200	23.114000	n
3	0.000000	22.402800	0.000000	0.711200	n
4	0.000000	22.402800	0.711200	23.114000	n
5	33.274000	22.402800	32.562800	23.114000	n
6	32.562800	0.000000	33.274000	0.711200	n
7	0.000000	0.711200	0.711200	0.000000	n
Tolerance=0.050000.
*Exact match for i=0 and j=6.
*i point 0.711200	0.000000	32.562800	0.000000	y
*Exact match for i=1 and j=6.
*i point 32.562800	0.000000	33.274000	0.711200	y
*Exact match for i=2 and j=5.
*i point 33.274000	0.711200	33.274000	22.402800	y
*Exact match for i=3 and j=6.
*i point 33.274000	22.402800	32.562800	23.114000	y
*Exact match for i=4 and j=6.
*i point 32.562800	23.114000	0.711200	23.114000	y
	*Before flip 	0.000000	22.402800	0.711200	23.114000	y
	*After flip 	0.711200	23.114000	0.000000	22.402800	y
*Exact match for i=5 and j=6.
*i point 0.711200	23.114000	0.000000	22.402800	y
*Exact match for i=6 and j=7.
*i point 0.000000	22.402800	0.000000	0.711200	y
########### array after sorts ###########
0	0.711200	0.000000	32.562800	0.000000	y
1	32.562800	0.000000	33.274000	0.711200	y
2	33.274000	0.711200	33.274000	22.402800	y
3	33.274000	22.402800	32.562800	23.114000	y
4	32.562800	23.114000	0.711200	23.114000	y
5	0.711200	23.114000	0.000000	22.402800	y
6	0.000000	22.402800	0.000000	0.711200	y
7	0.000000	0.711200	0.711200	0.000000	y
***************
.BOARD_OUTLINE UNOWNED
1.6
0     0.711200     0.000000     0
0     32.562800     0.000000     0
0     33.274000     0.711200     0
0     33.274000     22.402800     0
0     32.562800     23.114000     0
0     0.711200     23.114000     0
0     0.000000     22.402800     0
0     0.000000     0.711200     0
0     0.711200     0.000000     0
